0 info it worked if it ends with ok
1 verbose cli [ '/usr/local/Cellar/node/0.10.25/bin/node',
1 verbose cli   '/usr/local/bin/npm',
1 verbose cli   'install',
1 verbose cli   'nodejs' ]
2 info using npm@1.3.24
3 info using node@v0.10.25
4 warn package.json node@0.0.0 No description
5 warn package.json node@0.0.0 No repository field.
6 verbose cache add [ 'nodejs', null ]
7 verbose cache add name=undefined spec="nodejs" args=["nodejs",null]
8 verbose parsed url { protocol: null,
8 verbose parsed url   slashes: null,
8 verbose parsed url   auth: null,
8 verbose parsed url   host: null,
8 verbose parsed url   port: null,
8 verbose parsed url   hostname: null,
8 verbose parsed url   hash: null,
8 verbose parsed url   search: null,
8 verbose parsed url   query: null,
8 verbose parsed url   pathname: 'nodejs',
8 verbose parsed url   path: 'nodejs',
8 verbose parsed url   href: 'nodejs' }
9 silly lockFile 9690950b-nodejs nodejs
10 verbose lock nodejs /Users/lewis/.npm/9690950b-nodejs.lock
11 silly lockFile 9690950b-nodejs nodejs
12 silly lockFile 9690950b-nodejs nodejs
13 verbose addNamed [ 'nodejs', '' ]
14 verbose addNamed [ null, '*' ]
15 silly lockFile a2ebca96-nodejs nodejs@
16 verbose lock nodejs@ /Users/lewis/.npm/a2ebca96-nodejs.lock
17 silly addNameRange { name: 'nodejs', range: '*', hasData: false }
18 verbose url raw nodejs
19 verbose url resolving [ 'https://registry.npmjs.org/', './nodejs' ]
20 verbose url resolved https://registry.npmjs.org/nodejs
21 info trying registry request attempt 1 at 18:39:33
22 http GET https://registry.npmjs.org/nodejs
23 http 404 https://registry.npmjs.org/nodejs
24 silly registry.get cb [ 404,
24 silly registry.get   { date: 'Sat, 01 Feb 2014 18:39:34 GMT',
24 silly registry.get     server: 'CouchDB/1.5.0 (Erlang OTP/R16B)',
24 silly registry.get     'content-type': 'application/json',
24 silly registry.get     via: '1.1 varnish',
24 silly registry.get     'cache-control': 'max-age=0',
24 silly registry.get     'content-length': '52',
24 silly registry.get     'accept-ranges': 'bytes',
24 silly registry.get     age: '0',
24 silly registry.get     'x-served-by': 'cache-v42-ASH, cache-lo82-LHR',
24 silly registry.get     'x-cache': 'MISS, MISS',
24 silly registry.get     'x-cache-hits': '0, 0',
24 silly registry.get     'x-timer': 'S1391279973.948312759,VS0,VS38,VE58,VE97',
24 silly registry.get     'keep-alive': 'timeout=10, max=50',
24 silly registry.get     connection: 'Keep-Alive' } ]
25 silly lockFile a2ebca96-nodejs nodejs@
26 silly lockFile a2ebca96-nodejs nodejs@
27 error 404 'nodejs' is not in the npm registry.
27 error 404 You should bug the author to publish it
27 error 404
27 error 404 Note that you can also install from a
27 error 404 tarball, folder, or http url, or git url.
28 error System Darwin 13.0.2
29 error command "/usr/local/Cellar/node/0.10.25/bin/node" "/usr/local/bin/npm" "install" "nodejs"
30 error cwd /Users/lewis/dev/hackthecity/schoolmapper
31 error node -v v0.10.25
32 error npm -v 1.3.24
33 error code E404
34 verbose exit [ 1, true ]
